<?xml version="1.0" encoding="UTF-8"?>
<!-- Generated by org.testng.reporters.JUnitReportReporter -->
<testsuite hostname="ndi-mb-013" failures="0" tests="2" name="com.Trex.DeckDesiner.Automation.TestCases.ValidateTrexDeckDesignLandingPage" time="12.272" errors="0" timestamp="29 Mar 2019 06:39:28 GMT" skipped="0">
  <testcase classname="com.Trex.DeckDesiner.Automation.TestCases.ValidateTrexDeckDesignLandingPage" name="validateTrexAdminLandingPageIsDisplayed" time="7.225"/>
  <testcase classname="com.Trex.DeckDesiner.Automation.TestCases.ValidateTrexDeckDesignLandingPage" name="validateTrexDeckDesignLandingPage" time="5.047"/>
</testsuite> <!-- com.Trex.DeckDesiner.Automation.TestCases.ValidateTrexDeckDesignLandingPage -->
