<?xml version="1.0" encoding="UTF-8"?>
<!-- Generated by org.testng.reporters.JUnitReportReporter -->
<testsuite hostname="ndi-mb-013" failures="0" tests="2" name="com.Trex.DeckDesiner.Automation.TestCases.ValidateUserLoginAPI" time="6.150" errors="0" timestamp="27 Mar 2019 07:22:22 GMT" skipped="0">
  <testcase classname="com.Trex.DeckDesiner.Automation.TestCases.ValidateUserLoginAPI" name="validateLoginWithValidDetails" time="2.588"/>
  <testcase classname="com.Trex.DeckDesiner.Automation.TestCases.ValidateUserLoginAPI" name="validateLoginWithInValidEmail" time="3.562"/>
</testsuite> <!-- com.Trex.DeckDesiner.Automation.TestCases.ValidateUserLoginAPI -->
