<?xml version="1.0" encoding="UTF-8"?>
<!-- Generated by org.testng.reporters.JUnitReportReporter -->
<testsuite skipped="0" hostname="NDI-MB-046" name="com.Trex.DeckDesiner.Automation.TestCases.facebookTest" tests="1" failures="0" timestamp="11 Mar 2019 06:47:00 GMT" time="7.660" errors="0">
  <testcase name="testFacebook" time="7.660" classname="com.Trex.DeckDesiner.Automation.TestCases.facebookTest"/>
</testsuite> <!-- com.Trex.DeckDesiner.Automation.TestCases.facebookTest -->
